58 48 51 50 57 48 62 47 57 49 64 47 52 50 55 49 56 49 54 49 60 48 63 47 59 48 62 48 50 50 53 49 52 49 61 48 
51 50 66 51 56 50 60 51 57 50 61 51 58 51 63 51 64 51 59 51 54 50 65 51 50 50 62 51 52 50 53 50 55 50 58 50 
49 50 44 53 46 52 49 51 44 52 40 55 47 52 40 54 41 54 45 52 43 53 42 53 50 50 47 51 48 51 42 54 39 55 
51 45 50 47 52 40 50 49 51 46 50 48 51 47 52 42 51 44 52 41 52 39 50 50 51 42 51 43 
46 47 39 41 49 50 44 45 42 44 40 42 41 43 50 50 47 48 49 49 43 45 38 41 48 48 44 46 40 43 45 47 43 44 48 49 45 46 39 42 47 47 41 44 
44 41 45 44 48 48 47 45 43 40 43 41 50 49 46 45 46 44 44 42 48 47 50 50 48 46 49 48 47 46 45 42 49 49 45 43 
43 48 39 46 35 45 42 47 44 48 47 49 49 50 40 46 46 48 33 44 41 47 45 48 37 46 50 50 40 47 46 49 37 45 34 44 38 46 48 49 36 45 43 47 
47 62 49 55 48 61 47 63 49 52 48 60 49 53 49 56 48 59 50 51 49 54 48 58 50 50 48 57 47 61 48 56 50 52 
63 43 56 47 59 45 61 43 57 46 53 48 58 45 52 49 63 42 51 50 54 48 62 43 55 47 64 42 50 50 58 46 51 49 54 47 60 44 56 46 61 44 60 45 53 49 
63 61 51 51 53 53 55 54 52 52 62 61 56 56 51 50 53 52 57 56 50 50 54 53 58 56 59 58 61 60 52 51 60 58 58 57 61 59 54 54 59 57 55 55 62 60 56 55 60 59 
53 46 50 49 57 39 53 45 56 39 55 43 57 38 58 37 50 50 53 44 56 40 55 42 51 49 54 43 58 38 52 46 56 41 51 48 54 44 55 41 52 47 52 48 
42 43 45 45 43 43 36 37 44 44 40 41 46 47 44 45 50 50 47 48 49 49 39 40 48 48 38 38 37 38 39 39 41 42 43 44 48 49 38 39 42 42 45 46 41 41 40 40 46 46 47 47 
49 50 44 53 46 52 49 51 44 52 47 52 41 54 45 52 43 53 42 53 50 50 47 51 48 51 42 54 
51 51 53 53 55 54 52 52 51 50 53 52 57 56 50 50 54 53 58 56 59 58 52 51 60 58 56 54 58 57 57 55 54 54 59 57 56 55 
57 43 61 39 53 48 59 41 52 49 62 38 54 46 58 42 56 44 50 50 62 39 63 38 51 49 54 47 57 44 60 40 55 46 56 45 58 43 53 47 61 40 60 41 59 42 64 37 55 45 52 48 
45 54 49 51 36 60 43 55 46 52 48 51 38 58 37 60 41 57 45 53 49 50 39 58 46 53 50 50 48 52 38 59 41 56 37 59 40 57 47 52 42 56 42 55 40 58 44 54 44 55 
54 66 52 57 53 65 52 61 51 54 54 67 52 58 53 64 54 68 51 57 53 63 50 50 52 59 51 53 51 56 53 62 50 51 51 52 53 66 53 61 52 60 51 55 50 52 
51 50 53 52 59 58 51 51 53 53 54 54 58 57 58 58 55 54 52 52 57 56 55 55 57 57 56 56 52 51 50 50 56 55 54 53 
51 51 53 53 55 54 52 52 63 60 51 50 53 52 57 56 50 50 60 57 54 53 58 56 52 51 60 58 56 54 61 59 57 55 62 59 59 57 62 60 56 55 61 58 
56 51 67 54 62 52 66 53 54 51 60 52 63 53 65 53 51 50 62 53 61 52 67 53 68 54 57 52 50 50 52 50 53 51 64 53 52 51 69 54 55 51 59 52 58 52 57 51 
63 43 56 47 59 45 57 46 53 48 52 49 51 50 54 48 55 47 50 50 65 43 62 44 58 46 55 48 51 49 64 43 61 45 65 42 59 46 66 42 63 44 61 44 57 47 60 45 53 49 
54 57 54 55 51 51 52 54 54 56 52 53 53 54 56 59 52 52 53 55 56 58 50 51 55 58 50 50 51 52 55 57 
55 51 51 50 56 51 60 51 58 51 57 51 59 51 54 50 50 50 52 50 53 50 55 50 
53 53 51 51 54 54 58 58 59 59 61 61 52 52 60 60 55 55 57 57 62 62 56 56 50 50 
51 40 50 45 51 41 50 44 50 47 51 39 50 46 50 49 50 48 51 44 50 50 51 42 51 43 
50 55 50 64 50 54 50 57 50 66 50 56 50 59 50 58 50 61 50 51 50 60 50 50 50 63 50 53 50 62 50 52 50 65 
42 49 45 49 37 47 47 49 49 50 37 48 36 47 44 49 50 50 34 47 40 48 38 48 35 47 46 49 41 48 39 48 43 49 42 48 47 50 48 50 
58 48 51 50 57 48 52 50 55 49 59 47 54 49 56 48 59 48 60 47 50 50 53 49 61 47 52 49 
46 60 49 51 47 57 48 55 44 63 43 65 45 62 47 56 49 53 45 61 50 50 44 64 49 52 45 60 46 58 50 51 48 56 47 58 44 65 43 66 46 59 48 54 
49 51 40 55 41 54 37 56 38 55 36 57 46 52 48 51 45 53 49 50 43 54 34 57 50 50 45 52 42 54 44 53 35 57 47 52 33 58 38 56 43 53 47 51 34 58 40 54 36 56 39 55 
47 44 46 43 45 41 48 48 47 45 46 42 44 41 50 49 46 44 48 47 50 50 48 46 49 48 47 46 45 42 49 49 44 40 
49 55 48 60 49 53 49 56 48 59 49 54 50 51 49 57 50 50 48 58 50 52 
47 54 49 51 47 55 44 59 45 57 46 57 44 58 45 58 46 56 49 52 48 54 50 51 50 50 48 53 48 52 46 55 
51 50 60 49 57 49 55 49 56 49 54 50 59 49 58 49 50 50 52 50 53 50 55 50 
50 45 50 34 50 49 50 38 50 42 50 35 50 46 50 39 50 50 50 43 50 32 50 47 50 36 50 40 50 33 50 44 50 37 50 48 50 41 
51 50 56 50 60 51 57 50 61 51 58 51 63 51 64 51 59 51 54 50 65 51 50 50 62 51 52 50 53 50 55 50 58 50 
40 45 42 47 44 48 47 49 49 50 40 46 35 44 46 48 39 45 34 43 45 48 38 45 50 50 49 49 41 46 35 43 36 44 48 49 44 47 37 44 42 46 43 47 
45 44 48 48 47 45 47 47 50 49 46 45 46 44 48 47 50 50 44 43 44 42 49 48 47 46 49 49 45 43 
63 43 56 47 59 45 57 46 53 48 58 45 52 49 63 42 51 50 54 48 62 43 55 47 64 42 50 50 62 44 58 46 66 41 51 49 54 47 65 42 60 44 56 46 61 44 65 41 60 45 53 49 
53 65 51 58 52 64 52 61 51 54 50 53 52 65 52 62 53 68 51 57 50 50 52 59 51 53 52 63 53 67 51 56 50 51 53 66 51 59 52 60 51 55 50 52 
56 52 54 52 51 50 58 53 51 51 59 53 60 54 54 51 55 52 60 53 61 54 52 51 50 50 57 52 57 53 53 51 
39 46 42 47 44 48 47 49 49 50 40 46 35 44 46 48 39 45 34 43 45 48 38 45 50 50 49 49 46 49 41 46 37 45 36 44 34 44 33 43 48 49 44 47 37 44 42 46 43 47 
47 54 49 51 44 59 45 58 46 56 43 60 42 62 45 57 46 57 50 50 48 52 44 60 49 52 50 51 48 53 47 55 44 58 43 61 48 54 42 61 46 55 
46 60 44 66 49 51 47 57 48 55 44 63 49 54 45 62 46 61 47 56 49 53 45 61 50 50 44 64 43 67 49 52 46 58 50 51 48 56 47 58 44 65 43 66 46 59 48 54 45 63 
40 45 38 44 36 43 47 49 49 50 40 46 46 48 39 45 45 48 38 45 50 50 47 48 49 49 41 46 45 47 35 43 36 44 48 49 44 47 37 44 42 46 43 47 
56 51 62 52 66 53 54 51 60 52 63 53 65 53 51 50 61 52 50 50 63 52 52 50 58 51 53 51 64 53 53 50 55 51 59 52 58 52 57 51 
58 47 51 50 58 46 55 48 59 46 51 49 56 48 54 48 56 47 60 46 53 48 50 50 60 45 53 49 61 45 57 47 52 49 
58 47 51 50 58 46 55 48 59 46 51 49 56 48 54 48 56 47 53 48 50 50 53 49 57 47 52 49 
49 50 48 49 46 49 43 49 43 48 42 48 36 47 38 48 45 49 41 48 37 47 44 49 39 48 50 50 40 48 38 47 48 50 47 49 
49 50 48 49 46 49 43 48 39 47 42 48 38 47 45 49 41 48 44 49 50 50 40 48 44 48 48 50 40 47 47 49 
